159
2 0 3
2 1 2
2 4 5
2 6 7
2 8 10
2 9 13
2 11 14
2 12 25
2 15 16
2 17 18
2 19 20
2 21 22
2 23 24
2 26 27
2 29 30
2 31 36
2 32 34
2 33 42
2 37 38
2 39 40
2 41 43
2 44 45
2 46 47
2 48 49
2 50 51
2 52 55
2 53 54
2 56 57
2 58 59
2 60 62
2 61 64
2 63 65
2 66 67
2 68 69
2 70 71
2 72 77
2 73 74
2 75 76
2 78 79
2 80 81
2 82 83
2 84 85
2 86 87
2 88 89
2 90 91
2 92 94
2 95 96
2 98 99
2 100 101
2 102 103
2 104 105
2 106 107
2 108 111
2 109 110
2 112 114
2 113 115
2 116 117
2 118 119
2 120 124
2 121 125
2 122 123
3 126 127 128
3 129 130 132
3 131 133 134
3 135 139 140
3 136 137 138
3 141 142 146
3 143 144 145
3 147 148 149
3 150 151 152
3 153 154 160
3 155 156 162
3 157 161 166
3 158 159 171
3 163 164 170
3 167 168 169
3 172 173 175
3 176 177 178
3 179 180 181
3 182 185 186
3 183 184 187
3 188 189 192
3 191 193 198
3 194 201 202
3 195 199 200
3 203 204 205
3 206 207 208
3 209 213 214
3 210 212 217
3 211 215 216
3 218 219 222
3 220 221 223
3 224 225 226
3 227 228 229
3 230 231 233
3 232 235 238
3 234 236 237
3 239 240 241
3 242 243 244
3 245 247 248
3 246 253 254
3 249 250 251
3 255 260 261
3 256 257 263
3 258 259 262
3 264 265 269
3 266 267 268
3 270 271 273
3 272 274 276
3 275 280 282
3 277 278 279
3 281 283 284
3 285 287 288
3 289 292 293
3 290 291 294
4 295 296 298 299
4 297 303 310 313
4 301 302 307 328
4 309 318 320 324
4 311 314 316 317
4 319 325 327 347
4 323 329 331 334
4 335 338 341 350
4 337 342 345 351
4 343 344 348 349
4 346 352 355 364
4 354 356 359 360
4 357 358 361 363
4 362 365 366 367
4 368 370 371 374
4 372 373 375 377
4 376 378 383 386
4 379 381 387 388
4 380 382 384 385
4 389 390 391 392
4 393 395 396 397
4 394 398 399 402
4 400 401 403 406
4 404 411 416 418
4 405 407 408 409
4 410 412 413 425
4 417 422 424 433
4 427 429 430 434
4 431 432 443 455
4 435 436 437 440
4 438 439 445 468
4 442 446 447 449
4 444 448 451 457
4 450 452 456 460
4 458 459 461 462
4 463 466 467 473
4 464 465 471 472
4 470 474 475 485
4 476 477 478 479
4 480 481 483 488
4 490 491 498 499
2 28 35
2 93 97
3 165 174 190
